11:58:01 **** Incremental Build of configuration Release for project HandGesturesRec ****
make all 
Building file: ../MCAL/TWI/TWI_prog.c
Invoking: AVR Compiler
avr-gcc -Wall -Os -fpack-struct -fshort-enums -ffunction-sections -fdata-sections -std=gnu99 -funsigned-char -funsigned-bitfields -mmcu=atmega16 -DF_CPU=1000000UL -MMD -MP -MF"MCAL/TWI/TWI_prog.d" -MT"MCAL/TWI/TWI_prog.o" -c -o "MCAL/TWI/TWI_prog.o" "../MCAL/TWI/TWI_prog.c"
Finished building: ../MCAL/TWI/TWI_prog.c
 
Building file: ../MCAL/GIE/GIE_prg.c
Invoking: AVR Compiler
avr-gcc -Wall -Os -fpack-struct -fshort-enums -ffunction-sections -fdata-sections -std=gnu99 -funsigned-char -funsigned-bitfields -mmcu=atmega16 -DF_CPU=1000000UL -MMD -MP -MF"MCAL/GIE/GIE_prg.d" -MT"MCAL/GIE/GIE_prg.o" -c -o "MCAL/GIE/GIE_prg.o" "../MCAL/GIE/GIE_prg.c"
Finished building: ../MCAL/GIE/GIE_prg.c
 
Building file: ../MCAL/EXTI/EXTI_prog.c
Invoking: AVR Compiler
avr-gcc -Wall -Os -fpack-struct -fshort-enums -ffunction-sections -fdata-sections -std=gnu99 -funsigned-char -funsigned-bitfields -mmcu=atmega16 -DF_CPU=1000000UL -MMD -MP -MF"MCAL/EXTI/EXTI_prog.d" -MT"MCAL/EXTI/EXTI_prog.o" -c -o "MCAL/EXTI/EXTI_prog.o" "../MCAL/EXTI/EXTI_prog.c"
Finished building: ../MCAL/EXTI/EXTI_prog.c
 
Building file: ../MCAL/DIO/DIO_prog.c
Invoking: AVR Compiler
avr-gcc -Wall -Os -fpack-struct -fshort-enums -ffunction-sections -fdata-sections -std=gnu99 -funsigned-char -funsigned-bitfields -mmcu=atmega16 -DF_CPU=1000000UL -MMD -MP -MF"MCAL/DIO/DIO_prog.d" -MT"MCAL/DIO/DIO_prog.o" -c -o "MCAL/DIO/DIO_prog.o" "../MCAL/DIO/DIO_prog.c"
Finished building: ../MCAL/DIO/DIO_prog.c
 
Building file: ../APP/main.c
Invoking: AVR Compiler
avr-gcc -Wall -Os -fpack-struct -fshort-enums -ffunction-sections -fdata-sections -std=gnu99 -funsigned-char -funsigned-bitfields -mmcu=atmega16 -DF_CPU=1000000UL -MMD -MP -MF"APP/main.d" -MT"APP/main.o" -c -o "APP/main.o" "../APP/main.c"
Finished building: ../APP/main.c
 
Building target: HandGesturesRec.elf
Invoking: AVR C Linker
avr-gcc -Wl,-Map,HandGesturesRec.map -mmcu=atmega16 -o "HandGesturesRec.elf"  ./MCAL/TWI/TWI_prog.o  ./MCAL/GIE/GIE_prg.o  ./MCAL/EXTI/EXTI_prog.o  ./MCAL/DIO/DIO_prog.o  ./APP/main.o   
Finished building target: HandGesturesRec.elf
 
Invoking: AVR Create Extended Listing
avr-objdump -h -S HandGesturesRec.elf  >"HandGesturesRec.lss"
Finished building: HandGesturesRec.lss
 
Create Flash image (ihex format)
avr-objcopy -R .eeprom -R .fuse -R .lock -R .signature -O ihex HandGesturesRec.elf  "HandGesturesRec.hex"
Finished building: HandGesturesRec.hex
 
Create eeprom image (ihex format)
avr-objcopy -j .eeprom --no-change-warnings --change-section-lma .eeprom=0 -O ihex HandGesturesRec.elf  "HandGesturesRec.eep"
Finished building: HandGesturesRec.eep
 
Invoking: Print Size
avr-size --format=avr --mcu=atmega16 HandGesturesRec.elf
AVR Memory Usage
----------------
Device: atmega16

Program:    1368 bytes (8.3% Full)
(.text + .data + .bootloader)

Data:          6 bytes (0.6% Full)
(.data + .bss + .noinit)


Finished building: sizedummy
 
